0 info it worked if it ends with ok
1 verbose cli [ 'C:\\Program Files\\nodejs\\\\node.exe',
1 verbose cli   'C:\\Program Files\\nodejs\\node_modules\\npm\\bin\\npm-cli.js',
1 verbose cli   'install',
1 verbose cli   'twillio' ]
2 info using npm@1.4.28
3 info using node@v0.10.35
4 verbose node symlink C:\Program Files\nodejs\\node.exe
5 verbose readDependencies using package.json deps
6 verbose cache add [ 'twillio', null ]
7 verbose cache add name=undefined spec="twillio" args=["twillio",null]
8 verbose parsed url { protocol: null,
8 verbose parsed url   slashes: null,
8 verbose parsed url   auth: null,
8 verbose parsed url   host: null,
8 verbose parsed url   port: null,
8 verbose parsed url   hostname: null,
8 verbose parsed url   hash: null,
8 verbose parsed url   search: null,
8 verbose parsed url   query: null,
8 verbose parsed url   pathname: 'twillio',
8 verbose parsed url   path: 'twillio',
8 verbose parsed url   href: 'twillio' }
9 silly lockFile eb7b672c-twillio twillio
10 verbose lock twillio C:\Users\Matthew Teta\AppData\Roaming\npm-cache\eb7b672c-twillio.lock
11 silly lockFile eb7b672c-twillio twillio
12 silly lockFile eb7b672c-twillio twillio
13 verbose addNamed [ 'twillio', '' ]
14 verbose addNamed [ null, '*' ]
15 silly lockFile 6e49444e-twillio twillio@
16 verbose lock twillio@ C:\Users\Matthew Teta\AppData\Roaming\npm-cache\6e49444e-twillio.lock
17 silly addNameRange { name: 'twillio', range: '*', hasData: false }
18 verbose request where is /twillio
19 verbose request registry https://registry.npmjs.org/
20 verbose request id 2ef4f6b14f5455d1
21 verbose url raw /twillio
22 verbose url resolving [ 'https://registry.npmjs.org/', './twillio' ]
23 verbose url resolved https://registry.npmjs.org/twillio
24 verbose request where is https://registry.npmjs.org/twillio
25 info trying registry request attempt 1 at 21:47:00
26 http GET https://registry.npmjs.org/twillio
27 http 404 https://registry.npmjs.org/twillio
28 verbose headers { date: 'Thu, 22 Jan 2015 04:46:58 GMT',
28 verbose headers   server: 'CouchDB/1.5.0 (Erlang OTP/R14B04)',
28 verbose headers   'content-type': 'application/json',
28 verbose headers   'cache-control': 'max-age=0',
28 verbose headers   'content-length': '52',
28 verbose headers   'accept-ranges': 'bytes',
28 verbose headers   via: '1.1 varnish',
28 verbose headers   age: '0',
28 verbose headers   'x-served-by': 'cache-ord1725-ORD',
28 verbose headers   'x-cache': 'MISS',
28 verbose headers   'x-cache-hits': '0',
28 verbose headers   'x-timer': 'S1421902018.574184,VS0,VE143',
28 verbose headers   'keep-alive': 'timeout=10, max=50',
28 verbose headers   connection: 'Keep-Alive' }
29 silly registry.get cb [ 404,
29 silly registry.get   { date: 'Thu, 22 Jan 2015 04:46:58 GMT',
29 silly registry.get     server: 'CouchDB/1.5.0 (Erlang OTP/R14B04)',
29 silly registry.get     'content-type': 'application/json',
29 silly registry.get     'cache-control': 'max-age=0',
29 silly registry.get     'content-length': '52',
29 silly registry.get     'accept-ranges': 'bytes',
29 silly registry.get     via: '1.1 varnish',
29 silly registry.get     age: '0',
29 silly registry.get     'x-served-by': 'cache-ord1725-ORD',
29 silly registry.get     'x-cache': 'MISS',
29 silly registry.get     'x-cache-hits': '0',
29 silly registry.get     'x-timer': 'S1421902018.574184,VS0,VE143',
29 silly registry.get     'keep-alive': 'timeout=10, max=50',
29 silly registry.get     connection: 'Keep-Alive' } ]
30 silly lockFile 6e49444e-twillio twillio@
31 silly lockFile 6e49444e-twillio twillio@
32 error 404 404 Not Found: twillio
32 error 404
32 error 404 'twillio' is not in the npm registry.
32 error 404 You should bug the author to publish it
32 error 404 It was specified as a dependency of 'TextMyself'
32 error 404
32 error 404 Note that you can also install from a
32 error 404 tarball, folder, or http url, or git url.
33 error System Windows_NT 6.1.7601
34 error command "C:\\Program Files\\nodejs\\\\node.exe" "C:\\Program Files\\nodejs\\node_modules\\npm\\bin\\npm-cli.js" "install" "twillio"
35 error cwd C:\Websites\TextMyself
36 error node -v v0.10.35
37 error npm -v 1.4.28
38 error code E404
39 verbose exit [ 1, true ]
